<?xml version="1.0" encoding="UTF-8"?>
<testsuite name="com.alreadah.perfectcycle.controller.RestApiControllerTest" tests="2" skipped="0" failures="0" errors="0" timestamp="2022-07-21T19:50:13" hostname="DESKTOP-QDNQG5I" time="0.733">
  <properties/>
  <testcase name="testFindPerfectCycleFalse()" classname="com.alreadah.perfectcycle.controller.RestApiControllerTest" time="0.729"/>
  <testcase name="testFindPerfectCycleTrue()" classname="com.alreadah.perfectcycle.controller.RestApiControllerTest" time="0.003"/>
  <system-out><![CDATA[]]></system-out>
  <system-err><![CDATA[]]></system-err>
</testsuite>
